D:\WORKSPACE\WORKSPACEVS\NEWWARNINGSYSTEM\NEWWARNINGSYSTEM\DEBUG\NEWWARNINGSYSTEM.PCH
D:\WORKSPACE\WORKSPACEVS\NEWWARNINGSYSTEM\NEWWARNINGSYSTEM\DEBUG\STDAFX.OBJ
D:\WORKSPACE\WORKSPACEVS\NEWWARNINGSYSTEM\NEWWARNINGSYSTEM\DEBUG\VC110.PDB
D:\WORKSPACE\WORKSPACEVS\NEWWARNINGSYSTEM\NEWWARNINGSYSTEM\DEBUG\ALLFORTRACKING.OBJ
D:\WORKSPACE\WORKSPACEVS\NEWWARNINGSYSTEM\NEWWARNINGSYSTEM\DEBUG\BOATDETECTING.OBJ
D:\WORKSPACE\WORKSPACEVS\NEWWARNINGSYSTEM\NEWWARNINGSYSTEM\DEBUG\BOATTRACKING.OBJ
D:\WORKSPACE\WORKSPACEVS\NEWWARNINGSYSTEM\NEWWARNINGSYSTEM\DEBUG\CHECKDLG.OBJ
D:\WORKSPACE\WORKSPACEVS\NEWWARNINGSYSTEM\NEWWARNINGSYSTEM\DEBUG\CVVIMAGE.OBJ
D:\WORKSPACE\WORKSPACEVS\NEWWARNINGSYSTEM\NEWWARNINGSYSTEM\DEBUG\NEWWARNINGSYSTEM.OBJ
D:\WORKSPACE\WORKSPACEVS\NEWWARNINGSYSTEM\NEWWARNINGSYSTEM\DEBUG\NEWWARNINGSYSTEMDLG.OBJ
D:\WORKSPACE\WORKSPACEVS\NEWWARNINGSYSTEM\NEWWARNINGSYSTEM\DEBUG\RIVERDLG.OBJ
D:\WORKSPACE\WORKSPACEVS\NEWWARNINGSYSTEM\NEWWARNINGSYSTEM\DEBUG\SETTINGDLG.OBJ
D:\WORKSPACE\WORKSPACEVS\NEWWARNINGSYSTEM\NEWWARNINGSYSTEM\DEBUG\VIDEOPLAYER.OBJ
D:\WORKSPACE\WORKSPACEVS\NEWWARNINGSYSTEM\NEWWARNINGSYSTEM\DEBUG\WARNINGNOVERLDLG.OBJ
D:\WORKSPACE\WORKSPACEVS\NEWWARNINGSYSTEM\DEBUG\NEWWARNINGSYSTEM.ILK
D:\WORKSPACE\WORKSPACEVS\NEWWARNINGSYSTEM\DEBUG\NEWWARNINGSYSTEM.EXE
D:\WORKSPACE\WORKSPACEVS\NEWWARNINGSYSTEM\DEBUG\NEWWARNINGSYSTEM.PDB
D:\WORKSPACE\WORKSPACEVS\NEWWARNINGSYSTEM\NEWWARNINGSYSTEM\DEBUG\NEWWARNINGSYSTEM.RES
D:\WorkSpace\WorkSpaceVS\NewWarningSystem\NewWarningSystem\Debug\AllForTracking.obj
D:\WorkSpace\WorkSpaceVS\NewWarningSystem\NewWarningSystem\Debug\BoatDetecting.obj
D:\WorkSpace\WorkSpaceVS\NewWarningSystem\NewWarningSystem\Debug\BoatTracking.obj
D:\WorkSpace\WorkSpaceVS\NewWarningSystem\NewWarningSystem\Debug\CheckDlg.obj
D:\WorkSpace\WorkSpaceVS\NewWarningSystem\NewWarningSystem\Debug\CvvImage.obj
D:\WorkSpace\WorkSpaceVS\NewWarningSystem\NewWarningSystem\Debug\NewWarningSystem.obj
D:\WorkSpace\WorkSpaceVS\NewWarningSystem\NewWarningSystem\Debug\RiverDlg.obj
D:\WorkSpace\WorkSpaceVS\NewWarningSystem\NewWarningSystem\Debug\SettingDlg.obj
D:\WorkSpace\WorkSpaceVS\NewWarningSystem\NewWarningSystem\Debug\stdafx.obj
D:\WorkSpace\WorkSpaceVS\NewWarningSystem\NewWarningSystem\Debug\VideoPlayer.obj
D:\WorkSpace\WorkSpaceVS\NewWarningSystem\NewWarningSystem\Debug\WarningNoverlDlg.obj
D:\WorkSpace\WorkSpaceVS\NewWarningSystem\NewWarningSystem\Debug\cl.command.1.tlog
D:\WorkSpace\WorkSpaceVS\NewWarningSystem\NewWarningSystem\Debug\CL.read.1.tlog
D:\WorkSpace\WorkSpaceVS\NewWarningSystem\NewWarningSystem\Debug\CL.write.1.tlog
D:\WorkSpace\WorkSpaceVS\NewWarningSystem\NewWarningSystem\Debug\link-cvtres.read.1.tlog
D:\WorkSpace\WorkSpaceVS\NewWarningSystem\NewWarningSystem\Debug\link-cvtres.write.1.tlog
D:\WorkSpace\WorkSpaceVS\NewWarningSystem\NewWarningSystem\Debug\link-mt.read.1.tlog
D:\WorkSpace\WorkSpaceVS\NewWarningSystem\NewWarningSystem\Debug\link-mt.write.1.tlog
D:\WorkSpace\WorkSpaceVS\NewWarningSystem\NewWarningSystem\Debug\link-rc.read.1.tlog
D:\WorkSpace\WorkSpaceVS\NewWarningSystem\NewWarningSystem\Debug\link-rc.write.1.tlog
D:\WorkSpace\WorkSpaceVS\NewWarningSystem\NewWarningSystem\Debug\link.4248-cvtres.read.1.tlog
D:\WorkSpace\WorkSpaceVS\NewWarningSystem\NewWarningSystem\Debug\link.4248-cvtres.write.1.tlog
D:\WorkSpace\WorkSpaceVS\NewWarningSystem\NewWarningSystem\Debug\link.4248-mt.read.1.tlog
D:\WorkSpace\WorkSpaceVS\NewWarningSystem\NewWarningSystem\Debug\link.4248-mt.write.1.tlog
D:\WorkSpace\WorkSpaceVS\NewWarningSystem\NewWarningSystem\Debug\link.4248-rc.read.1.tlog
D:\WorkSpace\WorkSpaceVS\NewWarningSystem\NewWarningSystem\Debug\link.4248-rc.write.1.tlog
D:\WorkSpace\WorkSpaceVS\NewWarningSystem\NewWarningSystem\Debug\link.4248.read.1.tlog
D:\WorkSpace\WorkSpaceVS\NewWarningSystem\NewWarningSystem\Debug\link.4248.write.1.tlog
D:\WorkSpace\WorkSpaceVS\NewWarningSystem\NewWarningSystem\Debug\link.6152-cvtres.read.1.tlog
D:\WorkSpace\WorkSpaceVS\NewWarningSystem\NewWarningSystem\Debug\link.6152-cvtres.write.1.tlog
D:\WorkSpace\WorkSpaceVS\NewWarningSystem\NewWarningSystem\Debug\link.6152-mt.read.1.tlog
D:\WorkSpace\WorkSpaceVS\NewWarningSystem\NewWarningSystem\Debug\link.6152-mt.write.1.tlog
D:\WorkSpace\WorkSpaceVS\NewWarningSystem\NewWarningSystem\Debug\link.6152-rc.read.1.tlog
D:\WorkSpace\WorkSpaceVS\NewWarningSystem\NewWarningSystem\Debug\link.6152-rc.write.1.tlog
D:\WorkSpace\WorkSpaceVS\NewWarningSystem\NewWarningSystem\Debug\link.6152.read.1.tlog
D:\WorkSpace\WorkSpaceVS\NewWarningSystem\NewWarningSystem\Debug\link.6152.write.1.tlog
D:\WorkSpace\WorkSpaceVS\NewWarningSystem\NewWarningSystem\Debug\link.command.1.tlog
D:\WorkSpace\WorkSpaceVS\NewWarningSystem\NewWarningSystem\Debug\link.read.1.tlog
D:\WorkSpace\WorkSpaceVS\NewWarningSystem\NewWarningSystem\Debug\link.write.1.tlog
D:\WorkSpace\WorkSpaceVS\NewWarningSystem\NewWarningSystem\Debug\rc.command.1.tlog
D:\WorkSpace\WorkSpaceVS\NewWarningSystem\NewWarningSystem\Debug\rc.read.1.tlog
D:\WorkSpace\WorkSpaceVS\NewWarningSystem\NewWarningSystem\Debug\rc.write.1.tlog
D:\WorkSpace\WorkSpaceVS\NewWarningSystem\NewWarningSystem\Debug\NewWarningSystem.res
D:\WorkSpace\WorkSpaceVS\NewWarningSystem\NewWarningSystem\Debug\NewWarningSystem.pch
D:\WorkSpace\WorkSpaceVS\NewWarningSystem\NewWarningSystem\Debug\vc110.idb
D:\WorkSpace\WorkSpaceVS\NewWarningSystem\NewWarningSystem\Debug\vc110.pdb
D:\WorkSpace\WorkSpaceVS\NewWarningSystem\Debug\NewWarningSystem.pdb
D:\WorkSpace\WorkSpaceVS\NewWarningSystem\Debug\NewWarningSystem.exe
D:\WorkSpace\WorkSpaceVS\NewWarningSystem\Debug\NewWarningSystem.ilk
