生成启动时间为 2016/6/21 10:07:12。
     1>项目“D:\WorkSpace\WorkSpaceVS\NewWarningSystem\NewWarningSystem\NewWarningSystem.vcxproj”在节点 2 上(Build 个目标)。
     1>ClCompile:
         D:\VS\VS2012\VC\bin\CL.exe /c /Zi /nologo /W3 /WX- /sdl /O2 /Oi /Oy- /GL /D WIN32 /D _WINDOWS /D NDEBUG /D _UNICODE /D UNICODE /D _AFXDLL /Gm- /EHsc /MD /GS /Gy /fp:precise /Zc:wchar_t /Zc:forScope /Yu"stdafx.h" /Fp"Release\NewWarningSystem.pch" /Fo"Release\\" /Fd"Release\vc110.pdb" /Gd /TP /analyze- /errorReport:prompt CheckDlg.cpp CvvImage.cpp NewWarningSystem.cpp NewWarningSystemDlg.cpp RiverDlg.cpp SettingDlg.cpp VideoPlayer.cpp WarningNoverlDlg.cpp
         CheckDlg.cpp
     1>d:\workspace\workspacevs\newwarningsystem\newwarningsystem\NewWarningSystemDlg.h(4): fatal error C1083: 无法打开包括文件:“cv.h”: No such file or directory
         CvvImage.cpp
     1>d:\workspace\workspacevs\newwarningsystem\newwarningsystem\CvvImage.h(7): fatal error C1083: 无法打开包括文件:“opencv.hpp”: No such file or directory
         NewWarningSystem.cpp
     1>d:\workspace\workspacevs\newwarningsystem\newwarningsystem\NewWarningSystemDlg.h(4): fatal error C1083: 无法打开包括文件:“cv.h”: No such file or directory
         NewWarningSystemDlg.cpp
     1>d:\workspace\workspacevs\newwarningsystem\newwarningsystem\NewWarningSystemDlg.h(4): fatal error C1083: 无法打开包括文件:“cv.h”: No such file or directory
         RiverDlg.cpp
     1>d:\workspace\workspacevs\newwarningsystem\newwarningsystem\NewWarningSystemDlg.h(4): fatal error C1083: 无法打开包括文件:“cv.h”: No such file or directory
         SettingDlg.cpp
     1>d:\workspace\workspacevs\newwarningsystem\newwarningsystem\NewWarningSystemDlg.h(4): fatal error C1083: 无法打开包括文件:“cv.h”: No such file or directory
         VideoPlayer.cpp
     1>d:\workspace\workspacevs\newwarningsystem\newwarningsystem\VideoPlayer.h(3): fatal error C1083: 无法打开包括文件:“cv.h”: No such file or directory
         WarningNoverlDlg.cpp
     1>d:\workspace\workspacevs\newwarningsystem\newwarningsystem\NewWarningSystemDlg.h(4): fatal error C1083: 无法打开包括文件:“cv.h”: No such file or directory
     1>已完成生成项目“D:\WorkSpace\WorkSpaceVS\NewWarningSystem\NewWarningSystem\NewWarningSystem.vcxproj”(Build 个目标)的操作 - 失败。

生成失败。

已用时间 00:00:00.34
